<?xml version="1.0" encoding="UTF-8"?>
<testng-results ignored="0" total="1" passed="1" failed="0" skipped="0">
  <reporter-output>
  </reporter-output>
  <suite started-at="2024-10-16T12:07:02 IST" name="Default suite" finished-at="2024-10-16T12:07:11 IST" duration-ms="9270">
    <groups>
    </groups>
    <test started-at="2024-10-16T12:07:02 IST" name="Default test" finished-at="2024-10-16T12:07:11 IST" duration-ms="9270">
      <class name="testCases.TC01_SearchProduct">
        <test-method signature="search()[pri:0, instance:testCases.TC01_SearchProduct@3f6b0be5]" started-at="2024-10-16T12:07:02 IST" name="search" finished-at="2024-10-16T12:07:11 IST" duration-ms="9220" status="PASS">
          <reporter-output>
          </reporter-output>
        </test-method> <!-- search -->
      </class> <!-- testCases.TC01_SearchProduct -->
    </test> <!-- Default test -->
  </suite> <!-- Default suite -->
</testng-results>
